<?xml version="1.0" encoding="UTF-8"?>
<!-- Generated by org.testng.reporters.JUnitReportReporter -->
<testsuite skipped="0" hostname="DESKTOP-FAAJO8O" name="TestNGreportDemo.TestNGrEPORTEX2" tests="1" failures="0" timestamp="2022-08-01T19:31:12 IST" time="14.059" errors="0">
  <testcase name="googelsearch" time="14.059" classname="TestNGreportDemo.TestNGrEPORTEX2"/>
  <system-out>
    <![CDATA[Chrome Browser open....
url  open....
India gate keyword enter... 
Enter key pressed....]]>
  </system-out>
</testsuite> <!-- TestNGreportDemo.TestNGrEPORTEX2 -->
