<?xml version="1.0" encoding="UTF-8"?>
<!-- Generated by org.testng.reporters.JUnitReportReporter -->
<testsuite skipped="0" hostname="DESKTOP-FAAJO8O" name="TestNg.TestNG.DataProvider_Demo2" tests="3" failures="0" timestamp="2022-07-29T17:27:38 IST" time="34.051" errors="0">
  <testcase name="testCaseDemo" time="11.903" classname="TestNg.TestNG.DataProvider_Demo2"/>
  <system-out/>
  <testcase name="testCaseDemo" time="12.239" classname="TestNg.TestNG.DataProvider_Demo2"/>
  <system-out/>
  <testcase name="testCaseDemo" time="9.909" classname="TestNg.TestNG.DataProvider_Demo2"/>
  <system-out/>
</testsuite> <!-- TestNg.TestNG.DataProvider_Demo2 -->
