<?xml version="1.0" encoding="UTF-8"?>
<!-- Generated by org.testng.reporters.JUnitReportReporter -->
<testsuite skipped="0" hostname="DESKTOP-FAAJO8O" name="TestNg.TestNG.TestCase1" tests="2" failures="0" timestamp="2022-07-28T13:34:54 IST" time="0.010" errors="0">
  <testcase name="test1" time="0.005" classname="TestNg.TestNG.TestCase1"/>
  <system-out/>
  <testcase name="test2" time="0.005" classname="TestNg.TestNG.TestCase1"/>
  <system-out/>
</testsuite> <!-- TestNg.TestNG.TestCase1 -->
