<?xml version="1.0" encoding="UTF-8"?>
<!-- Generated by org.testng.reporters.JUnitReportReporter -->
<testsuite skipped="0" hostname="DESKTOP-FAAJO8O" name="TestNg.TestNG.ParallelTestingDemo" tests="2" failures="0" timestamp="2022-07-29T23:32:39 IST" time="18.642" errors="0">
  <testcase name="verifyTitle" time="6.497" classname="TestNg.TestNG.ParallelTestingDemo"/>
  <system-out/>
  <testcase name="verifyLogo" time="12.145" classname="TestNg.TestNG.ParallelTestingDemo"/>
  <system-out/>
</testsuite> <!-- TestNg.TestNG.ParallelTestingDemo -->
