<?xml version="1.0" encoding="UTF-8"?>
<!-- Generated by org.testng.reporters.JUnitReportReporter -->
<testsuite skipped="0" hostname="DESKTOP-FAAJO8O" name="TestNg.TestNG.MchanicalStudent_Para" tests="1" failures="0" timestamp="2022-07-29T14:30:25 IST" time="0.002" errors="0">
  <testcase name="testcase1" time="0.002" classname="TestNg.TestNG.MchanicalStudent_Para"/>
  <system-out/>
</testsuite> <!-- TestNg.TestNG.MchanicalStudent_Para -->
