<?xml version="1.0" encoding="UTF-8"?>
<!-- Generated by org.testng.reporters.JUnitReportReporter -->
<testsuite skipped="0" hostname="DESKTOP-FAAJO8O" name="TestNg.TestNG.SoftwearParameter" tests="1" failures="0" timestamp="2022-07-28T17:24:43 IST" time="0.019" errors="0">
  <testcase name="testcase1" time="0.019" classname="TestNg.TestNG.SoftwearParameter"/>
  <system-out/>
</testsuite> <!-- TestNg.TestNG.SoftwearParameter -->
