<?xml version="1.0" encoding="UTF-8"?>
<!-- Generated by org.testng.reporters.JUnitReportReporter -->
<testsuite skipped="0" hostname="DESKTOP-FAAJO8O" name="TestNg.TestNG.TestCase2" tests="2" failures="0" timestamp="2022-07-28T13:34:54 IST" time="0.013" errors="0">
  <testcase name="testcase4" time="0.002" classname="TestNg.TestNG.TestCase2"/>
  <system-out/>
  <testcase name="testcase3" time="0.011" classname="TestNg.TestNG.TestCase2"/>
  <system-out/>
</testsuite> <!-- TestNg.TestNG.TestCase2 -->
