<?xml version="1.0" encoding="UTF-8"?>
<!-- Generated by org.testng.reporters.JUnitReportReporter -->
<testsuite skipped="0" hostname="DESKTOP-FAAJO8O" name="TestNg.TestNG.GroupsAttribute" tests="2" failures="0" timestamp="2022-07-28T14:51:43 IST" time="0.018" errors="0">
  <testcase name="wipro" time="0.002" classname="TestNg.TestNG.GroupsAttribute"/>
  <system-out/>
  <testcase name="infosys" time="0.016" classname="TestNg.TestNG.GroupsAttribute"/>
  <system-out/>
</testsuite> <!-- TestNg.TestNG.GroupsAttribute -->
