<?xml version="1.0" encoding="UTF-8"?>
<!-- Generated by org.testng.reporters.JUnitReportReporter -->
<testsuite skipped="0" hostname="DESKTOP-FAAJO8O" name="TestNg.TestNG.CurrentAccountTestClass2" tests="2" failures="0" timestamp="2022-07-28T00:16:01 IST" time="0.005" errors="0">
  <testcase name="test2" time="0.003" classname="TestNg.TestNG.CurrentAccountTestClass2"/>
  <system-out/>
  <testcase name="test1" time="0.002" classname="TestNg.TestNG.CurrentAccountTestClass2"/>
  <system-out/>
</testsuite> <!-- TestNg.TestNG.CurrentAccountTestClass2 -->
