<?xml version="1.0" encoding="UTF-8"?>
<!-- Generated by org.testng.reporters.JUnitReportReporter -->
<testsuite skipped="0" hostname="DESKTOP-FAAJO8O" name="TestNg.TestNG.LoanDepartment" tests="2" failures="0" timestamp="2022-07-28T01:10:38 IST" time="0.011" errors="0">
  <testcase name="APILoginAutoMobileLoan" time="0.010" classname="TestNg.TestNG.LoanDepartment"/>
  <system-out/>
  <testcase name="APILoginPersonalLoan" time="0.001" classname="TestNg.TestNG.LoanDepartment"/>
  <system-out/>
</testsuite> <!-- TestNg.TestNG.LoanDepartment -->
