<?xml version="1.0" encoding="UTF-8"?>
<!-- Generated by org.testng.reporters.JUnitReportReporter -->
<testsuite skipped="0" hostname="DESKTOP-FAAJO8O" name="TestNGreportDemo.TestNGreportEX" tests="4" failures="0" timestamp="2022-08-01T19:31:12 IST" time="0.023" errors="0">
  <testcase name="testmethod2" time="0.002" classname="TestNGreportDemo.TestNGreportEX"/>
  <system-out>
    <![CDATA[This is test method 2]]>
  </system-out>
  <testcase name="testmethod1" time="0.017" classname="TestNGreportDemo.TestNGreportEX"/>
  <system-out>
    <![CDATA[This is test method 1]]>
  </system-out>
  <testcase name="testmethod3" time="0.002" classname="TestNGreportDemo.TestNGreportEX"/>
  <system-out>
    <![CDATA[This is test method 3]]>
  </system-out>
  <testcase name="testmethod4" time="0.002" classname="TestNGreportDemo.TestNGreportEX"/>
  <system-out>
    <![CDATA[This is test method 4]]>
  </system-out>
</testsuite> <!-- TestNGreportDemo.TestNGreportEX -->
