<?xml version="1.0" encoding="UTF-8"?>
<!-- Generated by org.testng.reporters.JUnitReportReporter -->
<testsuite skipped="0" hostname="DESKTOP-FAAJO8O" name="TestNg.TestNG.CurrentAccountTestClass1" tests="2" failures="0" timestamp="2022-07-28T00:16:01 IST" time="0.017" errors="0">
  <testcase name="test1" time="0.015" classname="TestNg.TestNG.CurrentAccountTestClass1"/>
  <system-out/>
  <testcase name="test2" time="0.002" classname="TestNg.TestNG.CurrentAccountTestClass1"/>
  <system-out/>
</testsuite> <!-- TestNg.TestNG.CurrentAccountTestClass1 -->
