<?xml version="1.0" encoding="UTF-8"?>
<!-- Generated by org.testng.reporters.JUnitReportReporter -->
<testsuite skipped="0" hostname="DESKTOP-FAAJO8O" name="TestNg.TestNG.ParrllelTestDemo1" tests="1" failures="0" timestamp="2022-07-29T23:32:39 IST" time="12.393" errors="0">
  <testcase name="verifyTitle" time="12.393" classname="TestNg.TestNG.ParrllelTestDemo1"/>
  <system-out/>
</testsuite> <!-- TestNg.TestNG.ParrllelTestDemo1 -->
