<?xml version="1.0" encoding="UTF-8"?>
<!-- Generated by org.testng.reporters.JUnitReportReporter -->
<testsuite skipped="0" hostname="DESKTOP-FAAJO8O" name="TestNg.TestNG.DataProvider_demo" tests="3" failures="0" timestamp="2022-07-29T16:47:30 IST" time="33.812" errors="0">
  <testcase name="TestcaseGoogelSearch" time="11.757" classname="TestNg.TestNG.DataProvider_demo"/>
  <system-out/>
  <testcase name="TestcaseGoogelSearch" time="9.505" classname="TestNg.TestNG.DataProvider_demo"/>
  <system-out/>
  <testcase name="TestcaseGoogelSearch" time="12.550" classname="TestNg.TestNG.DataProvider_demo"/>
  <system-out/>
</testsuite> <!-- TestNg.TestNG.DataProvider_demo -->
