<?xml version="1.0" encoding="UTF-8"?>
<!-- Generated by org.testng.reporters.JUnitReportReporter -->
<testsuite skipped="0" hostname="DESKTOP-FAAJO8O" name="DataProviderTestNG.TestNGdataProviderWithExcel" tests="4" failures="0" timestamp="2022-08-01T16:24:46 IST" time="36.484" errors="0">
  <testcase name="searchkeyword" time="7.182" classname="DataProviderTestNG.TestNGdataProviderWithExcel"/>
  <system-out/>
  <testcase name="searchkeyword" time="9.295" classname="DataProviderTestNG.TestNGdataProviderWithExcel"/>
  <system-out/>
  <testcase name="searchkeyword" time="7.271" classname="DataProviderTestNG.TestNGdataProviderWithExcel"/>
  <system-out/>
  <testcase name="searchkeyword" time="12.736" classname="DataProviderTestNG.TestNGdataProviderWithExcel"/>
  <system-out/>
</testsuite> <!-- DataProviderTestNG.TestNGdataProviderWithExcel -->
